TN:
SF:handlers.js
FN:2,asyncGeneratorStep
FN:2,_asyncToGenerator
FN:2,_next
FN:2,_throw
FN:11,trainVoice
FN:33,open_context_menu
FN:43,removeFile
FN:54,getOutputFolder
FN:79,selectFile
FN:98,openFile
FN:98,_callee7
FN:98,_callee7$
FN:115,setLibraryPath
FN:156,getLibrary
FN:171,cleanLibrary
FN:179,adjustPitch
FN:194,changeSpeed
FN:207,getLyrics
FN:219,isolate
FN:233,changeVoice
FN:233,_callee16
FN:233,_callee16$
FN:266,getVoices
FN:266,_callee17
FN:266,_callee17$
FNF:25
FNH:12
FNDA:18,asyncGeneratorStep
FNDA:11,_asyncToGenerator
FNDA:18,_next
FNDA:0,_throw
FNDA:0,trainVoice
FNDA:0,open_context_menu
FNDA:0,removeFile
FNDA:0,getOutputFolder
FNDA:0,selectFile
FNDA:7,openFile
FNDA:7,_callee7
FNDA:21,_callee7$
FNDA:0,setLibraryPath
FNDA:0,getLibrary
FNDA:0,cleanLibrary
FNDA:0,adjustPitch
FNDA:0,changeSpeed
FNDA:0,getLyrics
FNDA:0,isolate
FNDA:2,changeVoice
FNDA:2,_callee16
FNDA:2,_callee16$
FNDA:2,getVoices
FNDA:2,_callee17
FNDA:4,_callee17$
DA:1,1
DA:2,0
DA:3,1
DA:4,1
DA:5,1
DA:6,1
DA:7,1
DA:8,1
DA:9,1
DA:10,1
DA:11,1
DA:12,0
DA:13,0
DA:14,0
DA:15,0
DA:16,0
DA:17,0
DA:18,0
DA:19,0
DA:20,0
DA:21,0
DA:22,0
DA:23,0
DA:24,0
DA:25,0
DA:26,0
DA:27,0
DA:28,0
DA:29,0
DA:30,0
DA:31,1
DA:32,1
DA:33,1
DA:34,0
DA:35,0
DA:36,0
DA:37,0
DA:38,0
DA:39,0
DA:40,0
DA:41,0
DA:42,1
DA:43,1
DA:44,0
DA:45,0
DA:46,0
DA:47,0
DA:48,0
DA:49,0
DA:50,0
DA:51,0
DA:52,1
DA:53,1
DA:54,1
DA:55,0
DA:56,0
DA:57,0
DA:58,0
DA:59,0
DA:60,0
DA:61,0
DA:62,0
DA:63,0
DA:64,0
DA:65,0
DA:66,0
DA:67,0
DA:68,0
DA:69,0
DA:70,0
DA:71,0
DA:72,0
DA:73,0
DA:74,0
DA:75,0
DA:76,0
DA:77,0
DA:78,1
DA:79,1
DA:80,0
DA:81,0
DA:82,0
DA:83,0
DA:84,0
DA:85,0
DA:86,0
DA:87,0
DA:88,0
DA:89,0
DA:90,0
DA:91,0
DA:92,0
DA:93,0
DA:94,0
DA:95,0
DA:96,0
DA:97,1
DA:98,1
DA:99,7
DA:100,7
DA:101,7
DA:102,7
DA:103,7
DA:104,7
DA:105,7
DA:106,7
DA:107,7
DA:108,7
DA:109,7
DA:110,7
DA:111,1
DA:112,1
DA:113,7
DA:114,1
DA:115,1
DA:116,0
DA:117,0
DA:118,0
DA:119,0
DA:120,0
DA:121,0
DA:122,0
DA:123,0
DA:124,0
DA:125,0
DA:126,0
DA:127,0
DA:128,0
DA:129,0
DA:130,0
DA:131,0
DA:132,0
DA:133,0
DA:134,0
DA:135,0
DA:136,0
DA:137,0
DA:138,0
DA:139,0
DA:140,0
DA:141,0
DA:142,0
DA:143,0
DA:144,0
DA:145,0
DA:146,0
DA:147,0
DA:148,0
DA:149,0
DA:150,0
DA:151,0
DA:152,0
DA:153,0
DA:154,0
DA:155,1
DA:156,1
DA:157,0
DA:158,0
DA:159,0
DA:160,0
DA:161,0
DA:162,0
DA:163,0
DA:164,0
DA:165,0
DA:166,0
DA:167,0
DA:168,0
DA:169,0
DA:170,1
DA:171,1
DA:172,0
DA:173,0
DA:174,0
DA:175,0
DA:176,0
DA:177,0
DA:178,1
DA:179,1
DA:180,0
DA:181,0
DA:182,0
DA:183,0
DA:184,0
DA:185,0
DA:186,0
DA:187,0
DA:188,0
DA:189,0
DA:190,0
DA:191,0
DA:192,0
DA:193,1
DA:194,1
DA:195,0
DA:196,0
DA:197,0
DA:198,0
DA:199,0
DA:200,0
DA:201,0
DA:202,0
DA:203,0
DA:204,0
DA:205,0
DA:206,1
DA:207,1
DA:208,0
DA:209,0
DA:210,0
DA:211,0
DA:212,0
DA:213,0
DA:214,0
DA:215,0
DA:216,0
DA:217,0
DA:218,1
DA:219,1
DA:220,0
DA:221,0
DA:222,0
DA:223,0
DA:224,0
DA:225,0
DA:226,0
DA:227,0
DA:228,0
DA:229,0
DA:230,0
DA:231,0
DA:232,1
DA:233,1
DA:234,2
DA:235,2
DA:236,2
DA:237,2
DA:238,2
DA:239,2
DA:240,2
DA:241,2
DA:242,2
DA:243,0
DA:244,2
DA:245,2
DA:246,2
DA:247,2
DA:248,2
DA:249,2
DA:250,2
DA:251,2
DA:252,2
DA:253,2
DA:254,2
DA:255,2
DA:256,2
DA:257,2
DA:258,2
DA:259,2
DA:260,2
DA:261,0
DA:262,0
DA:263,0
DA:264,2
DA:265,1
DA:266,1
DA:267,2
DA:268,2
DA:269,2
DA:270,2
DA:271,2
DA:272,0
DA:273,0
DA:274,2
DA:275,2
DA:276,1
LF:276
LH:90
BRDA:2,0,0,18
BRDA:2,1,0,0
BRDA:2,2,0,11
BRDA:2,3,0,7
BRDA:2,4,0,11
BRDA:2,5,0,11
BRDA:2,6,0,11
BRDA:2,7,0,18
BRDA:98,8,0,7
BRDA:98,9,0,7
BRDA:98,10,0,21
BRDA:98,11,0,7
BRDA:101,12,0,7
BRDA:111,13,0,1
BRDA:233,14,0,2
BRDA:233,15,0,2
BRDA:233,16,0,2
BRDA:233,17,0,6
BRDA:233,18,0,2
BRDA:242,19,0,0
BRDA:244,20,0,2
BRDA:261,21,0,0
BRDA:253,22,0,4
BRDA:255,23,0,4
BRDA:266,24,0,2
BRDA:266,25,0,2
BRDA:266,26,0,4
BRDA:266,27,0,2
BRDA:272,28,0,0
BRF:29
BRH:25
end_of_record
