TN:
SF:handlers.js
FN:2,_regeneratorRuntime
FN:2,_regeneratorRuntime
FN:2,defineProperty
FN:2,define
FN:2,define
FN:2,wrap
FN:2,tryCatch
FN:2,Generator
FN:2,GeneratorFunction
FN:2,GeneratorFunctionPrototype
FN:2,defineIteratorMethods
FN:2,AsyncIterator
FN:2,makeInvokeMethod
FN:2,maybeInvokeDelegate
FN:2,pushTryEntry
FN:2,resetTryEntry
FN:2,Context
FN:2,values
FN:2,next
FN:2,doneResult
FN:2,exports.isGeneratorFunction
FN:2,exports.mark
FN:2,exports.awrap
FN:2,exports.async
FN:2,exports.keys
FN:2,reset
FN:2,stop
FN:2,dispatchException
FN:2,handle
FN:2,abrupt
FN:2,complete
FN:2,finish
FN:2,_catch
FN:2,delegateYield
FN:2,asyncGeneratorStep
FN:2,_asyncToGenerator
FN:2,_next
FN:2,_throw
FN:12,trainVoice
FN:34,open_context_menu
FN:44,removeFile
FN:55,getOutputFolder
FN:80,selectFile
FN:99,openFile
FN:99,_callee7
FN:99,_callee7$
FN:116,setLibraryPath
FN:157,getLibrary
FN:172,cleanLibrary
FN:180,adjustPitch
FN:195,changeSpeed
FN:208,getLyrics
FN:220,isolate
FN:220,_callee15
FN:220,_callee15$
FN:234,changeVoice
FN:234,_callee16
FN:234,_callee16$
FN:279,getVoices
FN:279,_callee17
FN:279,_callee17$
FNF:61
FNH:34
FNDA:1,_regeneratorRuntime
FNDA:25,_regeneratorRuntime
FNDA:0,defineProperty
FNDA:13,define
FNDA:0,define
FNDA:13,wrap
FNDA:35,tryCatch
FNDA:0,Generator
FNDA:0,GeneratorFunction
FNDA:0,GeneratorFunctionPrototype
FNDA:2,defineIteratorMethods
FNDA:0,AsyncIterator
FNDA:13,makeInvokeMethod
FNDA:0,maybeInvokeDelegate
FNDA:13,pushTryEntry
FNDA:29,resetTryEntry
FNDA:13,Context
FNDA:1,values
FNDA:0,next
FNDA:0,doneResult
FNDA:0,exports.isGeneratorFunction
FNDA:13,exports.mark
FNDA:0,exports.awrap
FNDA:0,exports.async
FNDA:0,exports.keys
FNDA:13,reset
FNDA:13,stop
FNDA:3,dispatchException
FNDA:3,handle
FNDA:20,abrupt
FNDA:20,complete
FNDA:0,finish
FNDA:3,_catch
FNDA:0,delegateYield
FNDA:22,asyncGeneratorStep
FNDA:13,_asyncToGenerator
FNDA:22,_next
FNDA:0,_throw
FNDA:0,trainVoice
FNDA:0,open_context_menu
FNDA:0,removeFile
FNDA:0,getOutputFolder
FNDA:0,selectFile
FNDA:7,openFile
FNDA:7,_callee7
FNDA:21,_callee7$
FNDA:0,setLibraryPath
FNDA:0,getLibrary
FNDA:0,cleanLibrary
FNDA:0,adjustPitch
FNDA:0,changeSpeed
FNDA:0,getLyrics
FNDA:2,isolate
FNDA:2,_callee15
FNDA:6,_callee15$
FNDA:2,changeVoice
FNDA:2,_callee16
FNDA:4,_callee16$
FNDA:2,getVoices
FNDA:2,_callee17
FNDA:4,_callee17$
DA:1,1
DA:2,1
DA:3,1
DA:4,1
DA:5,1
DA:6,1
DA:7,1
DA:8,1
DA:9,1
DA:10,1
DA:11,1
DA:12,1
DA:13,0
DA:14,0
DA:15,0
DA:16,0
DA:17,0
DA:18,0
DA:19,0
DA:20,0
DA:21,0
DA:22,0
DA:23,0
DA:24,0
DA:25,0
DA:26,0
DA:27,0
DA:28,0
DA:29,0
DA:30,0
DA:31,0
DA:32,1
DA:33,1
DA:34,1
DA:35,0
DA:36,0
DA:37,0
DA:38,0
DA:39,0
DA:40,0
DA:41,0
DA:42,0
DA:43,1
DA:44,1
DA:45,0
DA:46,0
DA:47,0
DA:48,0
DA:49,0
DA:50,0
DA:51,0
DA:52,0
DA:53,1
DA:54,1
DA:55,1
DA:56,0
DA:57,0
DA:58,0
DA:59,0
DA:60,0
DA:61,0
DA:62,0
DA:63,0
DA:64,0
DA:65,0
DA:66,0
DA:67,0
DA:68,0
DA:69,0
DA:70,0
DA:71,0
DA:72,0
DA:73,0
DA:74,0
DA:75,0
DA:76,0
DA:77,0
DA:78,0
DA:79,1
DA:80,1
DA:81,0
DA:82,0
DA:83,0
DA:84,0
DA:85,0
DA:86,0
DA:87,0
DA:88,0
DA:89,0
DA:90,0
DA:91,0
DA:92,0
DA:93,0
DA:94,0
DA:95,0
DA:96,0
DA:97,0
DA:98,1
DA:99,1
DA:100,7
DA:101,7
DA:102,7
DA:103,7
DA:104,7
DA:105,7
DA:106,7
DA:107,7
DA:108,7
DA:109,7
DA:110,7
DA:111,7
DA:112,1
DA:113,1
DA:114,7
DA:115,1
DA:116,1
DA:117,0
DA:118,0
DA:119,0
DA:120,0
DA:121,0
DA:122,0
DA:123,0
DA:124,0
DA:125,0
DA:126,0
DA:127,0
DA:128,0
DA:129,0
DA:130,0
DA:131,0
DA:132,0
DA:133,0
DA:134,0
DA:135,0
DA:136,0
DA:137,0
DA:138,0
DA:139,0
DA:140,0
DA:141,0
DA:142,0
DA:143,0
DA:144,0
DA:145,0
DA:146,0
DA:147,0
DA:148,0
DA:149,0
DA:150,0
DA:151,0
DA:152,0
DA:153,0
DA:154,0
DA:155,0
DA:156,1
DA:157,1
DA:158,0
DA:159,0
DA:160,0
DA:161,0
DA:162,0
DA:163,0
DA:164,0
DA:165,0
DA:166,0
DA:167,0
DA:168,0
DA:169,0
DA:170,0
DA:171,1
DA:172,1
DA:173,0
DA:174,0
DA:175,0
DA:176,0
DA:177,0
DA:178,0
DA:179,1
DA:180,1
DA:181,0
DA:182,0
DA:183,0
DA:184,0
DA:185,0
DA:186,0
DA:187,0
DA:188,0
DA:189,0
DA:190,0
DA:191,0
DA:192,0
DA:193,0
DA:194,1
DA:195,1
DA:196,0
DA:197,0
DA:198,0
DA:199,0
DA:200,0
DA:201,0
DA:202,0
DA:203,0
DA:204,0
DA:205,0
DA:206,0
DA:207,1
DA:208,1
DA:209,0
DA:210,0
DA:211,0
DA:212,0
DA:213,0
DA:214,0
DA:215,0
DA:216,0
DA:217,0
DA:218,0
DA:219,1
DA:220,1
DA:221,2
DA:222,2
DA:223,2
DA:224,2
DA:225,2
DA:226,2
DA:227,2
DA:228,2
DA:229,2
DA:230,2
DA:231,2
DA:232,2
DA:233,1
DA:234,1
DA:235,2
DA:236,2
DA:237,2
DA:238,2
DA:239,2
DA:240,2
DA:241,2
DA:242,2
DA:243,2
DA:244,0
DA:245,2
DA:246,2
DA:247,2
DA:248,2
DA:249,2
DA:250,2
DA:251,2
DA:252,2
DA:253,2
DA:254,2
DA:255,2
DA:256,2
DA:257,2
DA:258,2
DA:259,2
DA:260,2
DA:261,2
DA:262,2
DA:263,2
DA:264,2
DA:265,2
DA:266,2
DA:267,2
DA:268,2
DA:269,2
DA:270,2
DA:271,2
DA:272,2
DA:273,2
DA:274,0
DA:275,0
DA:276,0
DA:277,2
DA:278,1
DA:279,1
DA:280,2
DA:281,2
DA:282,2
DA:283,2
DA:284,2
DA:285,0
DA:286,0
DA:287,2
DA:288,2
DA:289,1
DA:290,1
DA:291,1
LF:291
LH:118
BRDA:2,0,0,1
BRDA:2,1,0,0
BRDA:2,2,0,0
BRDA:2,3,0,0
BRDA:2,4,0,0
BRDA:2,5,0,0
BRDA:2,6,0,0
BRDA:2,7,0,25
BRDA:2,8,0,13
BRDA:2,9,0,13
BRDA:2,10,0,0
BRDA:2,11,0,0
BRDA:2,12,0,35
BRDA:2,13,0,3
BRDA:2,14,0,2
BRDA:2,15,0,6
BRDA:2,16,0,22
BRDA:2,17,0,13
BRDA:2,18,0,22
BRDA:2,19,0,0
BRDA:2,20,0,0
BRDA:2,21,0,35
BRDA:2,22,0,0
BRDA:2,23,0,22
BRDA:2,24,0,13
BRDA:2,25,0,3
BRDA:2,26,0,0
BRDA:2,27,0,10
BRDA:2,28,0,32
BRDA:2,29,0,13
BRDA:2,30,0,19
BRDA:2,31,0,10
BRDA:2,32,0,22
BRDA:2,33,0,3
BRDA:2,34,0,13
BRDA:2,35,0,0
BRDA:2,36,0,29
BRDA:2,37,0,26
BRDA:2,38,0,13
BRDA:2,39,0,1
BRDA:2,40,0,0
BRDA:2,41,0,0
BRDA:2,42,0,13
BRDA:2,43,0,0
BRDA:2,44,0,13
BRDA:2,45,0,0
BRDA:2,46,0,13
BRDA:2,47,0,0
BRDA:2,48,0,3
BRDA:2,49,0,0
BRDA:2,50,0,0
BRDA:2,51,0,0
BRDA:2,52,0,0
BRDA:2,53,0,3
BRDA:2,54,0,20
BRDA:2,55,0,40
BRDA:2,56,0,20
BRDA:2,57,0,0
BRDA:2,58,0,0
BRDA:2,59,0,0
BRDA:2,60,0,0
BRDA:2,61,0,0
BRDA:2,62,0,0
BRDA:2,63,0,0
BRDA:2,64,0,0
BRDA:2,65,0,20
BRDA:2,66,0,0
BRDA:2,67,0,0
BRDA:2,68,0,0
BRDA:2,69,0,3
BRDA:2,70,0,0
BRDA:2,71,0,22
BRDA:2,72,0,0
BRDA:2,73,0,13
BRDA:2,74,0,9
BRDA:2,75,0,13
BRDA:2,76,0,13
BRDA:2,77,0,13
BRDA:2,78,0,22
BRDA:99,79,0,7
BRDA:99,80,0,7
BRDA:99,81,0,21
BRDA:99,82,0,7
BRDA:102,83,0,7
BRDA:112,84,0,1
BRDA:220,85,0,2
BRDA:220,86,0,2
BRDA:220,87,0,6
BRDA:220,88,0,2
BRDA:228,89,0,2
BRDA:230,90,0,2
BRDA:234,91,0,2
BRDA:234,92,0,2
BRDA:234,93,0,4
BRDA:234,94,0,6
BRDA:234,95,0,2
BRDA:243,96,0,0
BRDA:245,97,0,2
BRDA:274,98,0,0
BRDA:254,99,0,4
BRDA:256,100,0,4
BRDA:279,101,0,2
BRDA:279,102,0,2
BRDA:279,103,0,4
BRDA:279,104,0,2
BRDA:285,105,0,0
BRF:106
BRH:68
end_of_record
